<?xml version="1.0" encoding="UTF-8"?>
<!-- Generated by org.testng.reporters.JUnitXMLReporter -->
<testsuite hostname="DESKTOP-CQQ66HC" ignored="0" name="Default test(failed)" tests="1" failures="0" timestamp="2021-02-10T15:11:01 IST" time="23.368" errors="0">
  <testcase name="@BeforeClass openBrowser" time="22.971" classname="POM.KiteLoginTest1">
    <failure type="org.openqa.selenium.SessionNotCreatedException" message="session not created: This version of ChromeDriver only supports Chrome version 86
Current browser version is 88.0.4324.104 with binary path C:\Program Files (x86)\Google\Chrome\Application\chrome.exe
Build info: version: &amp;apos;3.141.59&amp;apos;, revision: &amp;apos;e82be7d358&amp;apos;, time: &amp;apos;2018-11-14T08:25:53&amp;apos;
System info: host: &amp;apos;DESKTOP-CQQ66HC&amp;apos;, ip: &amp;apos;192.168.0.12&amp;apos;, os.name: &amp;apos;Windows 10&amp;apos;, os.arch: &amp;apos;amd64&amp;apos;, os.version: &amp;apos;10.0&amp;apos;, java.version: &amp;apos;1.8.0_261&amp;apos;
Driver info: driver.version: ChromeDriver
remote stacktrace: Backtrace:
	Ordinal0 [0x0101C013+3194899]
	Ordinal0 [0x00F06021+2056225]
	Ordinal0 [0x00D9F608+587272]
	Ordinal0 [0x00D21BF3+72691]
	Ordinal0 [0x00D1E229+57897]
	Ordinal0 [0x00D1C64A+50762]
	Ordinal0 [0x00D41EE9+204521]
	Ordinal0 [0x00D41D0D+204045]
	Ordinal0 [0x00D3FC1B+195611]
	Ordinal0 [0x00D23B7F+80767]
	Ordinal0 [0x00D24B4E+84814]
	Ordinal0 [0x00D24AD9+84697]
	Ordinal0 [0x00F1CE64+2149988]
	GetHandleVerifier [0x0118BE95+1400773]
	GetHandleVerifier [0x0118BB61+1399953]
	GetHandleVerifier [0x011931FA+1430314]
	GetHandleVerifier [0x0118C69F+1402831]
	Ordinal0 [0x00F13D61+2112865]
	Ordinal0 [0x00F1E5CB+2155979]
	Ordinal0 [0x00F1E6F5+2156277]
	Ordinal0 [0x00F2F26E+2224750]
	BaseThreadInitThunk [0x766B6359+25]
	RtlGetAppContainerNamedObjectPath [0x77E08944+228]
	RtlGetAppContainerNamedObjectPath [0x77E08914+180]
">
      <![CDATA[org.openqa.selenium.SessionNotCreatedException: session not created: This version of ChromeDriver only supports Chrome version 86
Current browser version is 88.0.4324.104 with binary path C:\Program Files (x86)\Google\Chrome\Application\chrome.exe
Build info: version: '3.141.59', revision: 'e82be7d358', time: '2018-11-14T08:25:53'
System info: host: 'DESKTOP-CQQ66HC', ip: '192.168.0.12', os.name: 'Windows 10', os.arch: 'amd64', os.version: '10.0', java.version: '1.8.0_261'
Driver info: driver.version: ChromeDriver
remote stacktrace: Backtrace:
Ordinal0 [0x0101C013+3194899]
Ordinal0 [0x00F06021+2056225]
Ordinal0 [0x00D9F608+587272]
Ordinal0 [0x00D21BF3+72691]
Ordinal0 [0x00D1E229+57897]
Ordinal0 [0x00D1C64A+50762]
Ordinal0 [0x00D41EE9+204521]
Ordinal0 [0x00D41D0D+204045]
Ordinal0 [0x00D3FC1B+195611]
Ordinal0 [0x00D23B7F+80767]
Ordinal0 [0x00D24B4E+84814]
Ordinal0 [0x00D24AD9+84697]
Ordinal0 [0x00F1CE64+2149988]
GetHandleVerifier [0x0118BE95+1400773]
GetHandleVerifier [0x0118BB61+1399953]
GetHandleVerifier [0x011931FA+1430314]
GetHandleVerifier [0x0118C69F+1402831]
Ordinal0 [0x00F13D61+2112865]
Ordinal0 [0x00F1E5CB+2155979]
Ordinal0 [0x00F1E6F5+2156277]
Ordinal0 [0x00F2F26E+2224750]
BaseThreadInitThunk [0x766B6359+25]
RtlGetAppContainerNamedObjectPath [0x77E08944+228]
RtlGetAppContainerNamedObjectPath [0x77E08914+180]

at org.openqa.selenium.remote.W3CHandshakeResponse.lambda$errorHandler$0(W3CHandshakeResponse.java:62)
at org.openqa.selenium.remote.HandshakeResponse.lambda$getResponseFunction$0(HandshakeResponse.java:30)
at org.openqa.selenium.remote.ProtocolHandshake.lambda$createSession$0(ProtocolHandshake.java:126)
at java.util.stream.ReferencePipeline$3$1.accept(Unknown Source)
at java.util.Spliterators$ArraySpliterator.tryAdvance(Unknown Source)
at java.util.stream.ReferencePipeline.forEachWithCancel(Unknown Source)
at java.util.stream.AbstractPipeline.copyIntoWithCancel(Unknown Source)
at java.util.stream.AbstractPipeline.copyInto(Unknown Source)
at java.util.stream.AbstractPipeline.wrapAndCopyInto(Unknown Source)
at java.util.stream.FindOps$FindOp.evaluateSequential(Unknown Source)
at java.util.stream.AbstractPipeline.evaluate(Unknown Source)
at java.util.stream.ReferencePipeline.findFirst(Unknown Source)
at org.openqa.selenium.remote.ProtocolHandshake.createSession(ProtocolHandshake.java:128)
at org.openqa.selenium.remote.ProtocolHandshake.createSession(ProtocolHandshake.java:74)
at org.openqa.selenium.remote.HttpCommandExecutor.execute(HttpCommandExecutor.java:136)
at org.openqa.selenium.remote.service.DriverCommandExecutor.execute(DriverCommandExecutor.java:83)
at org.openqa.selenium.remote.RemoteWebDriver.execute(RemoteWebDriver.java:552)
at org.openqa.selenium.remote.RemoteWebDriver.startSession(RemoteWebDriver.java:213)
at org.openqa.selenium.remote.RemoteWebDriver.<init>(RemoteWebDriver.java:131)
at org.openqa.selenium.chrome.ChromeDriver.<init>(ChromeDriver.java:181)
at org.openqa.selenium.chrome.ChromeDriver.<init>(ChromeDriver.java:168)
at org.openqa.selenium.chrome.ChromeDriver.<init>(ChromeDriver.java:157)
at POM.BaseClass.browserOpen(BaseClass.java:20)
at POM.KiteLoginTest1.openBrowser(KiteLoginTest1.java:34)
at java.util.ArrayList.forEach(Unknown Source)
... Removed 29 stack frames]]>
    </failure>
  </testcase> <!-- @BeforeClass openBrowser -->
  <testcase name="@BeforeMethod loginToApp" time="-1.61295006089E9" classname="POM.KiteLoginTest1">
    <skipped/>
  </testcase> <!-- @BeforeMethod loginToApp -->
  <testcase name="@AfterMethod logoutFromApp" time="-1.612950060936E9" classname="POM.KiteLoginTest1">
    <skipped/>
  </testcase> <!-- @AfterMethod logoutFromApp -->
  <testcase name="@AfterClass CloseBrowser" time="-1.612950060972E9" classname="POM.KiteLoginTest1">
    <skipped/>
  </testcase> <!-- @AfterClass CloseBrowser -->
  <testcase name="VerifyProfileName" time="0.0" classname="POM.KiteLoginTest1">
    <skipped/>
  </testcase> <!-- VerifyProfileName -->
</testsuite> <!-- Default test(failed) -->
