<?xml version="1.0" encoding="UTF-8"?>
<!-- Generated by org.testng.reporters.JUnitReportReporter -->
<testsuite skipped="1" hostname="DESKTOP-CQQ66HC" name="POM.KiteLoginTest1" tests="2" failures="0" timestamp="2021-02-10T15:11:02 IST" time="22.971" errors="1">
  <testcase name="VerifyProfileName" time="0.000" classname="POM.KiteLoginTest1">
    <skipped/>
  </testcase> <!-- VerifyProfileName -->
  <system-out/>
  <testcase name="openBrowser" time="22.971" classname="POM.KiteLoginTest1">
    <error type="org.openqa.selenium.SessionNotCreatedException" message="session not created: This version of ChromeDriver only supports Chrome version 86
Current browser version is 88.0.4324.104 with binary path C:\Program Files (x86)\Google\Chrome\Application\chrome.exe
Build info: version: &#039;3.141.59&#039;, revision: &#039;e82be7d358&#039;, time: &#039;2018-11-14T08:25:53&#039;
System info: host: &#039;DESKTOP-CQQ66HC&#039;, ip: &#039;192.168.0.12&#039;, os.name: &#039;Windows 10&#039;, os.arch: &#039;amd64&#039;, os.version: &#039;10.0&#039;, java.version: &#039;1.8.0_261&#039;
Driver info: driver.version: ChromeDriver
remote stacktrace: Backtrace:
	Ordinal0 [0x0101C013+3194899]
	Ordinal0 [0x00F06021+2056225]
	Ordinal0 [0x00D9F608+587272]
	Ordinal0 [0x00D21BF3+72691]
	Ordinal0 [0x00D1E229+57897]
	Ordinal0 [0x00D1C64A+50762]
	Ordinal0 [0x00D41EE9+204521]
	Ordinal0 [0x00D41D0D+204045]
	Ordinal0 [0x00D3FC1B+195611]
	Ordinal0 [0x00D23B7F+80767]
	Ordinal0 [0x00D24B4E+84814]
	Ordinal0 [0x00D24AD9+84697]
	Ordinal0 [0x00F1CE64+2149988]
	GetHandleVerifier [0x0118BE95+1400773]
	GetHandleVerifier [0x0118BB61+1399953]
	GetHandleVerifier [0x011931FA+1430314]
	GetHandleVerifier [0x0118C69F+1402831]
	Ordinal0 [0x00F13D61+2112865]
	Ordinal0 [0x00F1E5CB+2155979]
	Ordinal0 [0x00F1E6F5+2156277]
	Ordinal0 [0x00F2F26E+2224750]
	BaseThreadInitThunk [0x766B6359+25]
	RtlGetAppContainerNamedObjectPath [0x77E08944+228]
	RtlGetAppContainerNamedObjectPath [0x77E08914+180]
">
      <![CDATA[org.openqa.selenium.SessionNotCreatedException: session not created: This version of ChromeDriver only supports Chrome version 86
Current browser version is 88.0.4324.104 with binary path C:\Program Files (x86)\Google\Chrome\Application\chrome.exe
Build info: version: '3.141.59', revision: 'e82be7d358', time: '2018-11-14T08:25:53'
System info: host: 'DESKTOP-CQQ66HC', ip: '192.168.0.12', os.name: 'Windows 10', os.arch: 'amd64', os.version: '10.0', java.version: '1.8.0_261'
Driver info: driver.version: ChromeDriver
remote stacktrace: Backtrace:
Ordinal0 [0x0101C013+3194899]
Ordinal0 [0x00F06021+2056225]
Ordinal0 [0x00D9F608+587272]
Ordinal0 [0x00D21BF3+72691]
Ordinal0 [0x00D1E229+57897]
Ordinal0 [0x00D1C64A+50762]
Ordinal0 [0x00D41EE9+204521]
Ordinal0 [0x00D41D0D+204045]
Ordinal0 [0x00D3FC1B+195611]
Ordinal0 [0x00D23B7F+80767]
Ordinal0 [0x00D24B4E+84814]
Ordinal0 [0x00D24AD9+84697]
Ordinal0 [0x00F1CE64+2149988]
GetHandleVerifier [0x0118BE95+1400773]
GetHandleVerifier [0x0118BB61+1399953]
GetHandleVerifier [0x011931FA+1430314]
GetHandleVerifier [0x0118C69F+1402831]
Ordinal0 [0x00F13D61+2112865]
Ordinal0 [0x00F1E5CB+2155979]
Ordinal0 [0x00F1E6F5+2156277]
Ordinal0 [0x00F2F26E+2224750]
BaseThreadInitThunk [0x766B6359+25]
RtlGetAppContainerNamedObjectPath [0x77E08944+228]
RtlGetAppContainerNamedObjectPath [0x77E08914+180]

at sun.reflect.NativeConstructorAccessorImpl.newInstance0(Native Method)
at sun.reflect.NativeConstructorAccessorImpl.newInstance(Unknown Source)
at sun.reflect.DelegatingConstructorAccessorImpl.newInstance(Unknown Source)
at java.lang.reflect.Constructor.newInstance(Unknown Source)
at org.openqa.selenium.remote.W3CHandshakeResponse.lambda$errorHandler$0(W3CHandshakeResponse.java:62)
at org.openqa.selenium.remote.HandshakeResponse.lambda$getResponseFunction$0(HandshakeResponse.java:30)
at org.openqa.selenium.remote.ProtocolHandshake.lambda$createSession$0(ProtocolHandshake.java:126)
at java.util.stream.ReferencePipeline$3$1.accept(Unknown Source)
at java.util.Spliterators$ArraySpliterator.tryAdvance(Unknown Source)
at java.util.stream.ReferencePipeline.forEachWithCancel(Unknown Source)
at java.util.stream.AbstractPipeline.copyIntoWithCancel(Unknown Source)
at java.util.stream.AbstractPipeline.copyInto(Unknown Source)
at java.util.stream.AbstractPipeline.wrapAndCopyInto(Unknown Source)
at java.util.stream.FindOps$FindOp.evaluateSequential(Unknown Source)
at java.util.stream.AbstractPipeline.evaluate(Unknown Source)
at java.util.stream.ReferencePipeline.findFirst(Unknown Source)
at org.openqa.selenium.remote.ProtocolHandshake.createSession(ProtocolHandshake.java:128)
at org.openqa.selenium.remote.ProtocolHandshake.createSession(ProtocolHandshake.java:74)
at org.openqa.selenium.remote.HttpCommandExecutor.execute(HttpCommandExecutor.java:136)
at org.openqa.selenium.remote.service.DriverCommandExecutor.execute(DriverCommandExecutor.java:83)
at org.openqa.selenium.remote.RemoteWebDriver.execute(RemoteWebDriver.java:552)
at org.openqa.selenium.remote.RemoteWebDriver.startSession(RemoteWebDriver.java:213)
at org.openqa.selenium.remote.RemoteWebDriver.<init>(RemoteWebDriver.java:131)
at org.openqa.selenium.chrome.ChromeDriver.<init>(ChromeDriver.java:181)
at org.openqa.selenium.chrome.ChromeDriver.<init>(ChromeDriver.java:168)
at org.openqa.selenium.chrome.ChromeDriver.<init>(ChromeDriver.java:157)
at POM.BaseClass.browserOpen(BaseClass.java:20)
at POM.KiteLoginTest1.openBrowser(KiteLoginTest1.java:34)
at sun.reflect.NativeMethodAccessorImpl.invoke0(Native Method)
at sun.reflect.NativeMethodAccessorImpl.invoke(Unknown Source)
at sun.reflect.DelegatingMethodAccessorImpl.invoke(Unknown Source)
at java.lang.reflect.Method.invoke(Unknown Source)
at org.testng.internal.MethodInvocationHelper.invokeMethod(MethodInvocationHelper.java:132)
at org.testng.internal.MethodInvocationHelper.invokeMethodConsideringTimeout(MethodInvocationHelper.java:61)
at org.testng.internal.ConfigInvoker.invokeConfigurationMethod(ConfigInvoker.java:366)
at org.testng.internal.ConfigInvoker.invokeConfigurations(ConfigInvoker.java:320)
at org.testng.internal.TestMethodWorker.invokeBeforeClassMethods(TestMethodWorker.java:176)
at org.testng.internal.TestMethodWorker.run(TestMethodWorker.java:122)
at java.util.ArrayList.forEach(Unknown Source)
at org.testng.TestRunner.privateRun(TestRunner.java:764)
at org.testng.TestRunner.run(TestRunner.java:585)
at org.testng.SuiteRunner.runTest(SuiteRunner.java:384)
at org.testng.SuiteRunner.runSequentially(SuiteRunner.java:378)
at org.testng.SuiteRunner.privateRun(SuiteRunner.java:337)
at org.testng.SuiteRunner.run(SuiteRunner.java:286)
at org.testng.SuiteRunnerWorker.runSuite(SuiteRunnerWorker.java:53)
at org.testng.SuiteRunnerWorker.run(SuiteRunnerWorker.java:96)
at org.testng.TestNG.runSuitesSequentially(TestNG.java:1218)
at org.testng.TestNG.runSuitesLocally(TestNG.java:1140)
at org.testng.TestNG.runSuites(TestNG.java:1069)
at org.testng.TestNG.run(TestNG.java:1037)
at org.testng.remote.AbstractRemoteTestNG.run(AbstractRemoteTestNG.java:115)
at org.testng.remote.RemoteTestNG.initAndRun(RemoteTestNG.java:251)
at org.testng.remote.RemoteTestNG.main(RemoteTestNG.java:77)
]]>
    </error>
  </testcase> <!-- openBrowser -->
  <system-out/>
</testsuite> <!-- POM.KiteLoginTest1 -->
